<?xml version="1.0" encoding="UTF-8"?>
<testsuite name="plugin.enemydown.command.EnemyDownCommandTest" tests="2" skipped="0" failures="0" errors="0" timestamp="2023-08-23T07:00:38" hostname="itoMacBook-Pro.local" time="0.095">
  <properties/>
  <testcase name="getDifficultyにわたす引数のargsの最初の文字数がeasyの時にeasyの文字列が返ること()" classname="plugin.enemydown.command.EnemyDownCommandTest" time="0.087"/>
  <testcase name="getDifficultyにわたす引数のargsの最初の文字数がnormalの時にnormalの文字列が返ること()" classname="plugin.enemydown.command.EnemyDownCommandTest" time="0.007"/>
  <system-out><![CDATA[]]></system-out>
  <system-err><![CDATA[]]></system-err>
</testsuite>
